2021-12-31 16:44:57,769 INFO  [org.infinispan.CONTAINER] (ServerService Thread Pool -- 53) ISPN000128: Infinispan version: Infinispan 'Taedonggang' 12.1.7.Final
2021-12-31 16:44:57,826 INFO  [org.infinispan.CONFIG] (MSC service thread 1-6) ISPN000152: Passivation configured without an eviction policy being selected. Only manually evicted entities will be passivated.
2021-12-31 16:44:57,828 INFO  [org.infinispan.CONFIG] (MSC service thread 1-6) ISPN000152: Passivation configured without an eviction policy being selected. Only manually evicted entities will be passivated.
2021-12-31 16:44:57,846 INFO  [org.infinispan.CONTAINER] (ServerService Thread Pool -- 53) ISPN000556: Starting user marshaller 'org.wildfly.clustering.infinispan.spi.marshalling.InfinispanProtoStreamMarshaller'
2021-12-31 16:44:57,846 INFO  [org.infinispan.CONTAINER] (ServerService Thread Pool -- 52) ISPN000556: Starting user marshaller 'org.wildfly.clustering.infinispan.marshalling.jboss.JBossMarshaller'
2021-12-31 16:44:58,107 INFO  [org.jboss.as.clustering.infinispan] (ServerService Thread Pool -- 53) WFLYCLINF0002: Started http-remoting-connector cache from ejb container
2021-12-31 16:44:58,128 INFO  [org.jboss.as.clustering.infinispan] (ServerService Thread Pool -- 63) WFLYCLINF0002: Started authenticationSessions cache from keycloak container
2021-12-31 16:44:58,128 INFO  [org.jboss.as.clustering.infinispan] (ServerService Thread Pool -- 59) WFLYCLINF0002: Started actionTokens cache from keycloak container
2021-12-31 16:44:58,129 INFO  [org.jboss.as.clustering.infinispan] (ServerService Thread Pool -- 64) WFLYCLINF0002: Started loginFailures cache from keycloak container
2021-12-31 16:44:58,128 INFO  [org.jboss.as.clustering.infinispan] (ServerService Thread Pool -- 61) WFLYCLINF0002: Started sessions cache from keycloak container
2021-12-31 16:44:58,129 INFO  [org.jboss.as.clustering.infinispan] (ServerService Thread Pool -- 52) WFLYCLINF0002: Started offlineSessions cache from keycloak container
2021-12-31 16:44:58,129 INFO  [org.jboss.as.clustering.infinispan] (ServerService Thread Pool -- 62) WFLYCLINF0002: Started clientSessions cache from keycloak container
2021-12-31 16:44:58,131 INFO  [org.jboss.as.clustering.infinispan] (ServerService Thread Pool -- 60) WFLYCLINF0002: Started work cache from keycloak container
2021-12-31 16:44:58,131 INFO  [org.jboss.as.clustering.infinispan] (ServerService Thread Pool -- 56) WFLYCLINF0002: Started offlineClientSessions cache from keycloak container
2021-12-31 16:44:58,169 INFO  [org.jboss.as.clustering.infinispan] (ServerService Thread Pool -- 55) WFLYCLINF0002: Started keys cache from keycloak container
2021-12-31 16:44:58,169 INFO  [org.jboss.as.clustering.infinispan] (ServerService Thread Pool -- 54) WFLYCLINF0002: Started users cache from keycloak container
2021-12-31 16:44:58,169 INFO  [org.jboss.as.clustering.infinispan] (ServerService Thread Pool -- 57) WFLYCLINF0002: Started realms cache from keycloak container
2021-12-31 16:44:58,169 INFO  [org.jboss.as.clustering.infinispan] (ServerService Thread Pool -- 58) WFLYCLINF0002: Started authorization cache from keycloak container
2021-12-31 16:44:58,739 WARN  [org.jboss.as.server.deployment] (MSC service thread 1-6) WFLYSRV0273: Excluded subsystem webservices via jboss-deployment-structure.xml does not exist.
2021-12-31 16:44:59,140 INFO  [org.keycloak.services] (ServerService Thread Pool -- 57) KC-SERVICES0001: Loading config from standalone.xml or domain.xml
2021-12-31 16:44:59,716 INFO  [org.keycloak.url.DefaultHostnameProviderFactory] (ServerService Thread Pool -- 57) Frontend: <request>, Admin: <frontend>, Backend: <request>
2021-12-31 16:44:59,818 INFO  [org.jboss.as.clustering.infinispan] (ServerService Thread Pool -- 57) WFLYCLINF0002: Started realmRevisions cache from keycloak container
2021-12-31 16:44:59,824 INFO  [org.jboss.as.clustering.infinispan] (ServerService Thread Pool -- 57) WFLYCLINF0002: Started userRevisions cache from keycloak container
2021-12-31 16:44:59,829 INFO  [org.jboss.as.clustering.infinispan] (ServerService Thread Pool -- 57) WFLYCLINF0002: Started authorizationRevisions cache from keycloak container
2021-12-31 16:44:59,830 INFO  [org.keycloak.connections.infinispan.DefaultInfinispanConnectionProviderFactory] (ServerService Thread Pool -- 57) Node name: desktop-egacmun, Site name: null
2021-12-31 16:45:03,413 INFO  [org.jboss.modules] (main) JBoss Modules version 2.0.0.Final
2021-12-31 16:45:03,875 INFO  [org.jboss.msc] (main) JBoss MSC version 1.4.13.Final
2021-12-31 16:45:03,883 INFO  [org.jboss.threads] (main) JBoss Threads version 2.4.0.Final
2021-12-31 16:45:03,966 INFO  [org.jboss.as] (MSC service thread 1-2) WFLYSRV0049: Keycloak 16.1.0 (WildFly Core 18.0.0.Final) starting
2021-12-31 16:45:03,968 DEBUG [org.jboss.as.config] (MSC service thread 1-2) Configured system properties:
	awt.toolkit = sun.awt.windows.WToolkit
	file.encoding = Cp1252
	file.separator = \
	java.awt.graphicsenv = sun.awt.Win32GraphicsEnvironment
	java.awt.headless = true
	java.awt.printerjob = sun.awt.windows.WPrinterJob
	java.class.path = C:\Users\Desktop-666\Desktop\projects\testApp\keycloak-16.1.0\jboss-modules.jar
	java.class.version = 55.0
	java.home = C:\Users\Desktop-666\AppData\Local\Programs\Eclipse Foundation\jdk-11.0.12.7-hotspot
	java.io.tmpdir = C:\Users\DESKTO~1\AppData\Local\Temp\
	java.library.path = C:\Users\Desktop-666\AppData\Local\Programs\Eclipse Foundation\jdk-11.0.12.7-hotspot\bin;C:\WINDOWS\Sun\Java\bin;C:\WINDOWS\system32;C:\WINDOWS;C:\Program Files (x86)\Common Files\Oracle\Java\javapath;C:\WINDOWS\system32;C:\WINDOWS;C:\WINDOWS\System32\Wbem;C:\WINDOWS\System32\WindowsPowerShell\v1.0\;C:\WINDOWS\System32\OpenSSH\;C:\Program Files (x86)\Intel\Intel(R) Management Engine Components\DAL;C:\Program Files\Intel\Intel(R) Management Engine Components\DAL;C:\Program Files\Intel\WiFi\bin\;C:\Program Files\Common Files\Intel\WirelessCommon\;C:\composer;C:\Program Files\Java\jdk1.8.0_271\bin;C:\Program Files\Git\cmd;C:\Program Files\VSCodium\bin;C:\Program Files\nodejs\;C:\Program Files\Symfony;C:\xampp\php;C:\Users\Desktop-666\AppData\Local\Programs\Eclipse Foundation\jdk-11.0.12.7-hotspot\bin;C:\Program Files\Java\jdk1.8.0_271\bin;C:\Users\Desktop-666\AppData\Local\Programs\Microsoft VS Code\bin;C:\Program Files\heroku\bin;C:\Users\Desktop-666\AppData\Roaming\npm;C:\Users\Desktop-666\AppData\Local\Microsoft\WindowsApps;C:\Users\Desktop-666\AppData\Local\atom\bin;C:\Users\Desktop-666\AppData\Roaming\Composer\vendor\bin;C:\Users\Desktop-666\Desktop\dart-sdk\bin;C:\Users\Desktop-666\Desktop\flutter\bin;C:\Users\Desktop-666\AppData\Local\GitHubDesktop\bin;.
	java.net.preferIPv4Stack = true
	java.runtime.name = OpenJDK Runtime Environment
	java.runtime.version = 11.0.12+7
	java.specification.name = Java Platform API Specification
	java.specification.vendor = Oracle Corporation
	java.specification.version = 11
	java.util.logging.manager = org.jboss.logmanager.LogManager
	java.vendor = Eclipse Foundation
	java.vendor.url = https://adoptium.net/
	java.vendor.url.bug = https://github.com/adoptium/adoptium-support/issues
	java.vendor.version = Temurin-11.0.12+7
	java.version = 11.0.12
	java.version.date = 2021-07-20
	java.vm.compressedOopsMode = 32-bit
	java.vm.info = mixed mode
	java.vm.name = OpenJDK 64-Bit Server VM
	java.vm.specification.name = Java Virtual Machine Specification
	java.vm.specification.vendor = Oracle Corporation
	java.vm.specification.version = 11
	java.vm.vendor = Eclipse Foundation
	java.vm.version = 11.0.12+7
	javax.management.builder.initial = org.jboss.as.jmx.PluggableMBeanServerBuilder
	jboss.home.dir = C:\Users\Desktop-666\Desktop\projects\testApp\keycloak-16.1.0
	jboss.host.name = desktop-egacmun
	jboss.modules.dir = C:\Users\Desktop-666\Desktop\projects\testApp\keycloak-16.1.0\modules
	jboss.modules.system.pkgs = org.jboss.byteman
	jboss.node.name = desktop-egacmun
	jboss.qualified.host.name = desktop-egacmun
	jboss.server.base.dir = C:\Users\Desktop-666\Desktop\projects\testApp\keycloak-16.1.0\standalone
	jboss.server.config.dir = C:\Users\Desktop-666\Desktop\projects\testApp\keycloak-16.1.0\standalone\configuration
	jboss.server.data.dir = C:\Users\Desktop-666\Desktop\projects\testApp\keycloak-16.1.0\standalone\data
	jboss.server.deploy.dir = C:\Users\Desktop-666\Desktop\projects\testApp\keycloak-16.1.0\standalone\data\content
	jboss.server.log.dir = C:\Users\Desktop-666\Desktop\projects\testApp\keycloak-16.1.0\standalone\log
	jboss.server.name = desktop-egacmun
	jboss.server.persist.config = true
	jboss.server.temp.dir = C:\Users\Desktop-666\Desktop\projects\testApp\keycloak-16.1.0\standalone\tmp
	jdk.debug = release
	line.separator = 

	logging.configuration = file:C:\Users\Desktop-666\Desktop\projects\testApp\keycloak-16.1.0\standalone\configuration/logging.properties
	module.path = C:\Users\Desktop-666\Desktop\projects\testApp\keycloak-16.1.0\modules
	org.jboss.boot.log.file = C:\Users\Desktop-666\Desktop\projects\testApp\keycloak-16.1.0\standalone\log\server.log
	org.jboss.resolver.warning = true
	os.arch = amd64
	os.name = Windows 10
	os.version = 10.0
	path.separator = ;
	program.name = standalone.bat
	sun.arch.data.model = 64
	sun.boot.library.path = C:\Users\Desktop-666\AppData\Local\Programs\Eclipse Foundation\jdk-11.0.12.7-hotspot\bin
	sun.cpu.endian = little
	sun.cpu.isalist = amd64
	sun.desktop = windows
	sun.io.unicode.encoding = UnicodeLittle
	sun.java.command = C:\Users\Desktop-666\Desktop\projects\testApp\keycloak-16.1.0\jboss-modules.jar -mp C:\Users\Desktop-666\Desktop\projects\testApp\keycloak-16.1.0\modules org.jboss.as.standalone -Djboss.home.dir=C:\Users\Desktop-666\Desktop\projects\testApp\keycloak-16.1.0
	sun.java.launcher = SUN_STANDARD
	sun.jnu.encoding = Cp1252
	sun.management.compiler = HotSpot 64-Bit Tiered Compilers
	sun.os.patch.level = 
	sun.stderr.encoding = cp437
	sun.stdout.encoding = cp437
	user.country = MA
	user.dir = C:\Users\Desktop-666\Desktop\projects\testApp\keycloak-16.1.0\bin
	user.home = C:\Users\Desktop-666
	user.language = fr
	user.name = Desktop-666
	user.script = 
	user.timezone = Africa/Casablanca
	user.variant = 
2021-12-31 16:45:03,971 DEBUG [org.jboss.as.config] (MSC service thread 1-2) VM Arguments: -Dprogram.name=standalone.bat -Xms64M -Xmx512M -XX:MetaspaceSize=96M -XX:MaxMetaspaceSize=256m -Djava.net.preferIPv4Stack=true -Djboss.modules.system.pkgs=org.jboss.byteman -Djava.awt.headless=true --add-exports=java.desktop/sun.awt=ALL-UNNAMED --add-exports=java.naming/com.sun.jndi.ldap=ALL-UNNAMED --add-opens=java.base/java.lang=ALL-UNNAMED --add-opens=java.base/java.lang.invoke=ALL-UNNAMED --add-opens=java.base/java.io=ALL-UNNAMED --add-opens=java.base/java.lang.reflect=ALL-UNNAMED --add-opens=java.base/java.security=ALL-UNNAMED --add-opens=java.base/java.util=ALL-UNNAMED --add-opens=java.base/java.util.concurrent=ALL-UNNAMED --add-opens=java.management/javax.management=ALL-UNNAMED --add-opens=java.naming/javax.naming=ALL-UNNAMED -Dorg.jboss.boot.log.file=C:\Users\Desktop-666\Desktop\projects\testApp\keycloak-16.1.0\standalone\log\server.log -Dlogging.configuration=file:C:\Users\Desktop-666\Desktop\projects\testApp\keycloak-16.1.0\standalone\configuration/logging.properties 
2021-12-31 16:45:04,596 INFO  [org.wildfly.security] (ServerService Thread Pool -- 19) ELY00001: WildFly Elytron version 1.18.1.Final
2021-12-31 16:45:05,351 INFO  [org.jboss.as.server] (Controller Boot Thread) WFLYSRV0039: Creating http management service using socket-binding (management-http)
2021-12-31 16:45:05,377 INFO  [org.xnio] (MSC service thread 1-6) XNIO version 3.8.5.Final
2021-12-31 16:45:05,387 INFO  [org.xnio.nio] (MSC service thread 1-6) XNIO NIO Implementation Version 3.8.5.Final
2021-12-31 16:45:05,439 INFO  [org.jboss.as.clustering.infinispan] (ServerService Thread Pool -- 36) WFLYCLINF0001: Activating Infinispan subsystem.
2021-12-31 16:45:05,451 INFO  [org.jboss.as.naming] (ServerService Thread Pool -- 45) WFLYNAM0001: Activating Naming Subsystem
2021-12-31 16:45:05,493 INFO  [org.wildfly.extension.health] (ServerService Thread Pool -- 35) WFLYHEALTH0001: Activating Base Health Subsystem
2021-12-31 16:45:05,505 INFO  [org.wildfly.extension.metrics] (ServerService Thread Pool -- 44) WFLYMETRICS0001: Activating Base Metrics Subsystem
2021-12-31 16:45:05,476 INFO  [org.jboss.as.jaxrs] (ServerService Thread Pool -- 38) WFLYRS0016: RESTEasy version 4.7.4.Final
2021-12-31 16:45:05,476 WARN  [org.jboss.as.txn] (ServerService Thread Pool -- 49) WFLYTX0013: The node-identifier attribute on the /subsystem=transactions is set to the default value. This is a danger for environments running multiple servers. Please make sure the attribute value is unique.
2021-12-31 16:45:05,496 INFO  [org.jboss.as.connector] (MSC service thread 1-3) WFLYJCA0009: Starting Jakarta Connectors Subsystem (WildFly/IronJacamar 1.5.3.Final)
2021-12-31 16:45:05,520 INFO  [org.jboss.as.connector.subsystems.datasources] (ServerService Thread Pool -- 30) WFLYJCA0004: Deploying JDBC-compliant driver class org.h2.Driver (version 1.4)
2021-12-31 16:45:05,588 INFO  [org.jboss.as.connector.deployers.jdbc] (MSC service thread 1-2) WFLYJCA0018: Started Driver service with driver-name = h2
2021-12-31 16:45:05,636 INFO  [org.wildfly.extension.undertow] (MSC service thread 1-1) WFLYUT0003: Undertow 2.2.14.Final starting
2021-12-31 16:45:05,676 INFO  [org.jboss.as.naming] (MSC service thread 1-2) WFLYNAM0003: Starting Naming Service
2021-12-31 16:45:05,678 INFO  [org.jboss.as.mail.extension] (MSC service thread 1-4) WFLYMAIL0001: Bound mail session [java:jboss/mail/Default]
2021-12-31 16:45:05,759 WARN  [org.wildfly.clustering.web.undertow] (ServerService Thread Pool -- 50) WFLYCLWEBUT0007: No routing provider found for default-server; using legacy provider based on static configuration
2021-12-31 16:45:05,759 WARN  [org.wildfly.extension.elytron] (MSC service thread 1-2) WFLYELY00023: KeyStore file 'C:\Users\Desktop-666\Desktop\projects\testApp\keycloak-16.1.0\standalone\configuration\application.keystore' does not exist. Used blank.
2021-12-31 16:45:05,821 INFO  [org.wildfly.extension.undertow] (ServerService Thread Pool -- 50) WFLYUT0014: Creating file handler for path 'C:\Users\Desktop-666\Desktop\projects\testApp\keycloak-16.1.0/welcome-content' with options [directory-listing: 'false', follow-symlink: 'false', case-sensitive: 'true', safe-symlink-paths: '[]']
2021-12-31 16:45:05,841 WARN  [org.wildfly.extension.elytron] (MSC service thread 1-3) WFLYELY01084: KeyStore C:\Users\Desktop-666\Desktop\projects\testApp\keycloak-16.1.0\standalone\configuration\application.keystore not found, it will be auto generated on first use with a self-signed certificate for host localhost
2021-12-31 16:45:05,859 INFO  [org.keycloak.connections.jpa.DefaultJpaConnectionProviderFactory] (ServerService Thread Pool -- 57) Database info: {databaseUrl=jdbc:h2:C:\Users\Desktop-666\Desktop\projects\testApp\keycloak-16.1.0\standalone\data/keycloak, databaseUser=SA, databaseProduct=H2 1.4.197 (2018-03-18), databaseDriver=H2 JDBC Driver 1.4.197 (2018-03-18)}
2021-12-31 16:45:06,186 INFO  [org.wildfly.extension.io] (ServerService Thread Pool -- 37) WFLYIO001: Worker 'default' has auto-configured to 16 IO threads with 128 max task threads based on your 8 available processors
2021-12-31 16:45:06,207 INFO  [org.jboss.as.ejb3] (MSC service thread 1-1) WFLYEJB0481: Strict pool slsb-strict-max-pool is using a max instance size of 128 (per class), which is derived from thread worker pool sizing.
2021-12-31 16:45:06,207 INFO  [org.jboss.as.ejb3] (MSC service thread 1-8) WFLYEJB0482: Strict pool mdb-strict-max-pool is using a max instance size of 32 (per class), which is derived from the number of CPUs on this host.
2021-12-31 16:45:06,254 INFO  [org.jboss.remoting] (MSC service thread 1-6) JBoss Remoting version 5.0.23.Final
2021-12-31 16:45:06,265 INFO  [org.jboss.as.patching] (MSC service thread 1-3) WFLYPAT0050: Keycloak cumulative patch ID is: base, one-off patches include: none
2021-12-31 16:45:06,272 INFO  [org.wildfly.extension.undertow] (MSC service thread 1-1) WFLYUT0012: Started server default-server.
2021-12-31 16:45:06,273 INFO  [org.jboss.as.server.deployment.scanner] (MSC service thread 1-7) WFLYDS0013: Started FileSystemDeploymentService for directory C:\Users\Desktop-666\Desktop\projects\testApp\keycloak-16.1.0\standalone\deployments
2021-12-31 16:45:06,278 INFO  [org.wildfly.extension.undertow] (MSC service thread 1-3) Queuing requests.
2021-12-31 16:45:06,287 INFO  [org.wildfly.extension.undertow] (MSC service thread 1-3) WFLYUT0018: Host default-host starting
2021-12-31 16:45:06,307 INFO  [org.jboss.as.server.deployment] (MSC service thread 1-5) WFLYSRV0027: Starting deployment of "keycloak-server.war" (runtime-name: "keycloak-server.war")
2021-12-31 16:45:06,344 ERROR [org.jboss.msc.service.fail] (MSC service thread 1-1) MSC000001: Failed to start service org.wildfly.undertow.listener.default: org.jboss.msc.service.StartException in service org.wildfly.undertow.listener.default: Address already in use: bind /127.0.0.1:8080
	at org.wildfly.extension.undertow@26.0.0.Final//org.wildfly.extension.undertow.ListenerService.start(ListenerService.java:212)
	at org.jboss.msc@1.4.13.Final//org.jboss.msc.service.ServiceControllerImpl$StartTask.startService(ServiceControllerImpl.java:1739)
	at org.jboss.msc@1.4.13.Final//org.jboss.msc.service.ServiceControllerImpl$StartTask.execute(ServiceControllerImpl.java:1701)
	at org.jboss.msc@1.4.13.Final//org.jboss.msc.service.ServiceControllerImpl$ControllerTask.run(ServiceControllerImpl.java:1559)
	at org.jboss.threads@2.4.0.Final//org.jboss.threads.ContextClassLoaderSavingRunnable.run(ContextClassLoaderSavingRunnable.java:35)
	at org.jboss.threads@2.4.0.Final//org.jboss.threads.EnhancedQueueExecutor.safeRun(EnhancedQueueExecutor.java:1990)
	at org.jboss.threads@2.4.0.Final//org.jboss.threads.EnhancedQueueExecutor$ThreadBody.doRunTask(EnhancedQueueExecutor.java:1486)
	at org.jboss.threads@2.4.0.Final//org.jboss.threads.EnhancedQueueExecutor$ThreadBody.run(EnhancedQueueExecutor.java:1363)
	at java.base/java.lang.Thread.run(Thread.java:829)

2021-12-31 16:45:06,365 ERROR [org.jboss.msc.service.fail] (MSC service thread 1-7) MSC000001: Failed to start service org.wildfly.undertow.listener.https: org.jboss.msc.service.StartException in service org.wildfly.undertow.listener.https: Address already in use: bind /127.0.0.1:8443
	at org.wildfly.extension.undertow@26.0.0.Final//org.wildfly.extension.undertow.ListenerService.start(ListenerService.java:212)
	at org.jboss.msc@1.4.13.Final//org.jboss.msc.service.ServiceControllerImpl$StartTask.startService(ServiceControllerImpl.java:1739)
	at org.jboss.msc@1.4.13.Final//org.jboss.msc.service.ServiceControllerImpl$StartTask.execute(ServiceControllerImpl.java:1701)
	at org.jboss.msc@1.4.13.Final//org.jboss.msc.service.ServiceControllerImpl$ControllerTask.run(ServiceControllerImpl.java:1559)
	at org.jboss.threads@2.4.0.Final//org.jboss.threads.ContextClassLoaderSavingRunnable.run(ContextClassLoaderSavingRunnable.java:35)
	at org.jboss.threads@2.4.0.Final//org.jboss.threads.EnhancedQueueExecutor.safeRun(EnhancedQueueExecutor.java:1990)
	at org.jboss.threads@2.4.0.Final//org.jboss.threads.EnhancedQueueExecutor$ThreadBody.doRunTask(EnhancedQueueExecutor.java:1486)
	at org.jboss.threads@2.4.0.Final//org.jboss.threads.EnhancedQueueExecutor$ThreadBody.run(EnhancedQueueExecutor.java:1363)
	at java.base/java.lang.Thread.run(Thread.java:829)

2021-12-31 16:45:06,419 INFO  [org.jboss.as.ejb3] (MSC service thread 1-7) WFLYEJB0493: Jakarta Enterprise Beans subsystem suspension complete
2021-12-31 16:45:06,427 ERROR [org.jboss.msc.service.fail] (MSC service thread 1-8) MSC000001: Failed to start service org.wildfly.management.http.extensible: org.jboss.msc.service.StartException in service org.wildfly.management.http.extensible: java.net.BindException: Address already in use: bind /127.0.0.1:9990
	at org.jboss.as.server@18.0.0.Final//org.jboss.as.server.mgmt.UndertowHttpManagementService.start(UndertowHttpManagementService.java:386)
	at org.jboss.msc@1.4.13.Final//org.jboss.msc.service.ServiceControllerImpl$StartTask.startService(ServiceControllerImpl.java:1739)
	at org.jboss.msc@1.4.13.Final//org.jboss.msc.service.ServiceControllerImpl$StartTask.execute(ServiceControllerImpl.java:1701)
	at org.jboss.msc@1.4.13.Final//org.jboss.msc.service.ServiceControllerImpl$ControllerTask.run(ServiceControllerImpl.java:1559)
	at org.jboss.threads@2.4.0.Final//org.jboss.threads.ContextClassLoaderSavingRunnable.run(ContextClassLoaderSavingRunnable.java:35)
	at org.jboss.threads@2.4.0.Final//org.jboss.threads.EnhancedQueueExecutor.safeRun(EnhancedQueueExecutor.java:1990)
	at org.jboss.threads@2.4.0.Final//org.jboss.threads.EnhancedQueueExecutor$ThreadBody.doRunTask(EnhancedQueueExecutor.java:1486)
	at org.jboss.threads@2.4.0.Final//org.jboss.threads.EnhancedQueueExecutor$ThreadBody.run(EnhancedQueueExecutor.java:1377)
	at java.base/java.lang.Thread.run(Thread.java:829)

2021-12-31 16:45:06,496 INFO  [org.jboss.as.connector.subsystems.datasources] (MSC service thread 1-6) WFLYJCA0001: Bound data source [java:jboss/datasources/KeycloakDS]
2021-12-31 16:45:06,496 INFO  [org.jboss.as.connector.subsystems.datasources] (MSC service thread 1-7) WFLYJCA0001: Bound data source [java:jboss/datasources/ExampleDS]
2021-12-31 16:45:07,202 INFO  [org.infinispan.CONTAINER] (ServerService Thread Pool -- 53) ISPN000128: Infinispan version: Infinispan 'Taedonggang' 12.1.7.Final
2021-12-31 16:45:07,287 INFO  [org.infinispan.CONFIG] (MSC service thread 1-4) ISPN000152: Passivation configured without an eviction policy being selected. Only manually evicted entities will be passivated.
2021-12-31 16:45:07,290 INFO  [org.infinispan.CONFIG] (MSC service thread 1-4) ISPN000152: Passivation configured without an eviction policy being selected. Only manually evicted entities will be passivated.
2021-12-31 16:45:07,327 INFO  [org.infinispan.CONTAINER] (ServerService Thread Pool -- 53) ISPN000556: Starting user marshaller 'org.wildfly.clustering.infinispan.spi.marshalling.InfinispanProtoStreamMarshaller'
2021-12-31 16:45:07,327 INFO  [org.infinispan.CONTAINER] (ServerService Thread Pool -- 52) ISPN000556: Starting user marshaller 'org.wildfly.clustering.infinispan.marshalling.jboss.JBossMarshaller'
2021-12-31 16:45:07,653 INFO  [org.jboss.as.clustering.infinispan] (ServerService Thread Pool -- 53) WFLYCLINF0002: Started http-remoting-connector cache from ejb container
2021-12-31 16:45:07,682 INFO  [org.jboss.as.clustering.infinispan] (ServerService Thread Pool -- 57) WFLYCLINF0002: Started work cache from keycloak container
2021-12-31 16:45:07,683 INFO  [org.jboss.as.clustering.infinispan] (ServerService Thread Pool -- 62) WFLYCLINF0002: Started authenticationSessions cache from keycloak container
2021-12-31 16:45:07,683 INFO  [org.jboss.as.clustering.infinispan] (ServerService Thread Pool -- 55) WFLYCLINF0002: Started offlineSessions cache from keycloak container
2021-12-31 16:45:07,684 INFO  [org.jboss.as.clustering.infinispan] (ServerService Thread Pool -- 54) WFLYCLINF0002: Started offlineClientSessions cache from keycloak container
2021-12-31 16:45:07,684 INFO  [org.jboss.as.clustering.infinispan] (ServerService Thread Pool -- 56) WFLYCLINF0002: Started actionTokens cache from keycloak container
2021-12-31 16:45:07,684 INFO  [org.jboss.as.clustering.infinispan] (ServerService Thread Pool -- 63) WFLYCLINF0002: Started loginFailures cache from keycloak container
2021-12-31 16:45:07,684 INFO  [org.jboss.as.clustering.infinispan] (ServerService Thread Pool -- 61) WFLYCLINF0002: Started sessions cache from keycloak container
2021-12-31 16:45:07,685 INFO  [org.jboss.as.clustering.infinispan] (ServerService Thread Pool -- 53) WFLYCLINF0002: Started clientSessions cache from keycloak container
2021-12-31 16:45:07,726 INFO  [org.jboss.as.clustering.infinispan] (ServerService Thread Pool -- 52) WFLYCLINF0002: Started authorization cache from keycloak container
2021-12-31 16:45:07,726 INFO  [org.jboss.as.clustering.infinispan] (ServerService Thread Pool -- 60) WFLYCLINF0002: Started users cache from keycloak container
2021-12-31 16:45:07,726 INFO  [org.jboss.as.clustering.infinispan] (ServerService Thread Pool -- 59) WFLYCLINF0002: Started keys cache from keycloak container
2021-12-31 16:45:07,726 INFO  [org.jboss.as.clustering.infinispan] (ServerService Thread Pool -- 58) WFLYCLINF0002: Started realms cache from keycloak container
2021-12-31 16:45:07,815 INFO  [org.hibernate.jpa.internal.util.LogHelper] (ServerService Thread Pool -- 57) HHH000204: Processing PersistenceUnitInfo [
	name: keycloak-default
	...]
2021-12-31 16:45:07,856 WARN  [org.jboss.as.server.deployment] (MSC service thread 1-4) WFLYSRV0273: Excluded subsystem webservices via jboss-deployment-structure.xml does not exist.
2021-12-31 16:45:07,908 ERROR [org.jboss.as.controller.management-operation] (Controller Boot Thread) WFLYCTL0013: Operation ("add") failed - address: ([
    ("core-service" => "management"),
    ("management-interface" => "http-interface")
]) - failure description: {
    "WFLYCTL0080: Failed services" => {"org.wildfly.management.http.extensible" => "java.net.BindException: Address already in use: bind /127.0.0.1:9990"},
    "WFLYCTL0412: Required services that are not installed:" => ["jboss.http-upgrade-registry.http-management"],
    "WFLYCTL0180: Services with missing/unavailable dependencies" => ["jboss.remoting.remoting-http-upgrade-service.http-management is missing [jboss.http-upgrade-registry.http-management]"]
}
2021-12-31 16:45:07,915 INFO  [org.hibernate.Version] (ServerService Thread Pool -- 57) HHH000412: Hibernate Core {5.3.24.Final}
2021-12-31 16:45:07,917 INFO  [org.hibernate.cfg.Environment] (ServerService Thread Pool -- 57) HHH000206: hibernate.properties not found
2021-12-31 16:45:07,977 ERROR [org.jboss.as.controller.management-operation] (Controller Boot Thread) WFLYCTL0013: Operation ("add") failed - address: ([
    ("subsystem" => "remoting"),
    ("http-connector" => "http-remoting-connector")
]) - failure description: {
    "WFLYCTL0412: Required services that are not installed:" => ["jboss.http-upgrade-registry.default"],
    "WFLYCTL0180: Services with missing/unavailable dependencies" => ["jboss.remoting.remoting-http-upgrade-service.http-remoting-connector is missing [jboss.http-upgrade-registry.default]"]
}
2021-12-31 16:45:07,979 ERROR [org.jboss.as.controller.management-operation] (Controller Boot Thread) WFLYCTL0013: Operation ("add") failed - address: ([
    ("subsystem" => "undertow"),
    ("server" => "default-server"),
    ("http-listener" => "default")
]) - failure description: {"WFLYCTL0080: Failed services" => {"org.wildfly.undertow.listener.default" => "Address already in use: bind /127.0.0.1:8080"}}
2021-12-31 16:45:07,986 ERROR [org.jboss.as.controller.management-operation] (Controller Boot Thread) WFLYCTL0013: Operation ("add") failed - address: ([
    ("subsystem" => "undertow"),
    ("server" => "default-server"),
    ("https-listener" => "https")
]) - failure description: {"WFLYCTL0080: Failed services" => {"org.wildfly.undertow.listener.https" => "Address already in use: bind /127.0.0.1:8443"}}
2021-12-31 16:45:07,987 ERROR [org.jboss.as.controller.management-operation] (Controller Boot Thread) WFLYCTL0013: Operation ("add") failed - address: ([("subsystem" => "ejb3")]) - failure description: {
    "WFLYCTL0412: Required services that are not installed:" => ["org.wildfly.remoting.connector.http-remoting-connector"],
    "WFLYCTL0180: Services with missing/unavailable dependencies" => ["jboss.ejb.association is missing [org.wildfly.remoting.connector.http-remoting-connector]"]
}
2021-12-31 16:45:07,991 ERROR [org.jboss.as.controller.management-operation] (Controller Boot Thread) WFLYCTL0013: Operation ("add") failed - address: ([
    ("subsystem" => "ejb3"),
    ("service" => "remote")
]) - failure description: {
    "WFLYCTL0412: Required services that are not installed:" => ["org.wildfly.remoting.connector.http-remoting-connector"],
    "WFLYCTL0180: Services with missing/unavailable dependencies" => ["jboss.ejb.remote.client-mappings.http-remoting-connector is missing [org.wildfly.remoting.connector.http-remoting-connector]"]
}
2021-12-31 16:45:08,002 ERROR [org.jboss.as.controller] (Controller Boot Thread) WFLYCTL0459: Triggering roll back due to missing management services.
2021-12-31 16:45:08,005 ERROR [org.jboss.as.controller.management-operation] (Controller Boot Thread) WFLYCTL0013: Operation ("add") failed - address: ([
    ("core-service" => "management"),
    ("management-interface" => "http-interface")
]) - failure description: {
    "WFLYCTL0080: Failed services" => {"org.wildfly.management.http.extensible" => "java.net.BindException: Address already in use: bind /127.0.0.1:9990"},
    "WFLYCTL0412: Required services that are not installed:" => ["jboss.http-upgrade-registry.http-management"],
    "WFLYCTL0180: Services with missing/unavailable dependencies" => ["jboss.remoting.remoting-http-upgrade-service.http-management is missing [jboss.http-upgrade-registry.http-management]"]
}
2021-12-31 16:45:08,075 INFO  [org.jboss.as.clustering.infinispan] (ServerService Thread Pool -- 58) WFLYCLINF0003: Stopped clientSessions cache from keycloak container
2021-12-31 16:45:08,076 INFO  [org.jboss.as.clustering.infinispan] (ServerService Thread Pool -- 61) WFLYCLINF0003: Stopped keys cache from keycloak container
2021-12-31 16:45:08,076 INFO  [org.jboss.as.clustering.infinispan] (ServerService Thread Pool -- 63) WFLYCLINF0003: Stopped users cache from keycloak container
2021-12-31 16:45:08,079 INFO  [org.jboss.as.clustering.infinispan] (ServerService Thread Pool -- 59) WFLYCLINF0003: Stopped authenticationSessions cache from keycloak container
2021-12-31 16:45:08,082 INFO  [org.jboss.as.clustering.infinispan] (ServerService Thread Pool -- 52) WFLYCLINF0003: Stopped sessions cache from keycloak container
2021-12-31 16:45:08,082 INFO  [org.jboss.as.clustering.infinispan] (ServerService Thread Pool -- 57) WFLYCLINF0003: Stopped loginFailures cache from keycloak container
2021-12-31 16:45:08,083 INFO  [org.jboss.as.clustering.infinispan] (ServerService Thread Pool -- 55) WFLYCLINF0003: Stopped work cache from keycloak container
2021-12-31 16:45:08,082 INFO  [org.jboss.as.clustering.infinispan] (ServerService Thread Pool -- 53) WFLYCLINF0003: Stopped realms cache from keycloak container
2021-12-31 16:45:08,084 INFO  [org.jboss.as.clustering.infinispan] (ServerService Thread Pool -- 61) WFLYCLINF0003: Stopped http-remoting-connector cache from ejb container
2021-12-31 16:45:08,084 INFO  [org.jboss.as.clustering.infinispan] (ServerService Thread Pool -- 58) WFLYCLINF0003: Stopped offlineClientSessions cache from keycloak container
2021-12-31 16:45:08,085 INFO  [org.jboss.as.clustering.infinispan] (ServerService Thread Pool -- 62) WFLYCLINF0003: Stopped actionTokens cache from keycloak container
2021-12-31 16:45:08,084 INFO  [org.jboss.as.clustering.infinispan] (ServerService Thread Pool -- 56) WFLYCLINF0003: Stopped offlineSessions cache from keycloak container
2021-12-31 16:45:08,086 INFO  [org.jboss.as.clustering.infinispan] (ServerService Thread Pool -- 60) WFLYCLINF0003: Stopped authorization cache from keycloak container
2021-12-31 16:45:08,089 INFO  [org.jboss.as.server.deployment] (MSC service thread 1-4) WFLYSRV0028: Stopped deployment keycloak-server.war (runtime-name: keycloak-server.war) in 67ms
2021-12-31 16:45:08,101 INFO  [org.infinispan.manager.DefaultCacheManager] (ServerService Thread Pool -- 61) Stopping cache manager null on null
2021-12-31 16:45:08,119 INFO  [org.infinispan.manager.DefaultCacheManager] (ServerService Thread Pool -- 56) Stopping cache manager null on null
2021-12-31 16:45:08,127 INFO  [org.jboss.as.mail.extension] (MSC service thread 1-4) WFLYMAIL0002: Unbound mail session [java:jboss/mail/Default]
2021-12-31 16:45:08,136 INFO  [org.jboss.as.connector.subsystems.datasources] (MSC service thread 1-5) WFLYJCA0010: Unbound data source [java:jboss/datasources/ExampleDS]
2021-12-31 16:45:08,135 INFO  [org.jboss.as.connector.subsystems.datasources] (MSC service thread 1-6) WFLYJCA0010: Unbound data source [java:jboss/datasources/KeycloakDS]
2021-12-31 16:45:08,137 ERROR [org.jboss.as.server] (ServerService Thread Pool -- 42) WFLYSRV0021: Deploy of deployment "keycloak-server.war" was rolled back with the following failure message: undefined
2021-12-31 16:45:08,154 INFO  [org.wildfly.extension.undertow] (MSC service thread 1-4) WFLYUT0019: Host default-host stopping
2021-12-31 16:45:08,155 INFO  [org.wildfly.extension.undertow] (MSC service thread 1-4) WFLYUT0004: Undertow 2.2.14.Final stopping
2021-12-31 16:45:08,161 INFO  [org.jboss.as.connector.deployers.jdbc] (MSC service thread 1-2) WFLYJCA0019: Stopped Driver service with driver-name = h2
2021-12-31 16:45:08,214 FATAL [org.jboss.as.server] (Controller Boot Thread) WFLYSRV0056: Server boot has failed in an unrecoverable manner; exiting. See previous messages for details.
2021-12-31 16:45:08,236 INFO  [org.jboss.as] (MSC service thread 1-5) WFLYSRV0050: Keycloak 16.1.0 (WildFly Core 18.0.0.Final) stopped in 10ms
2021-12-31 16:45:08,386 INFO  [org.hibernate.annotations.common.Version] (ServerService Thread Pool -- 57) HCANN000001: Hibernate Commons Annotations {5.0.5.Final}
2021-12-31 16:45:08,539 INFO  [org.hibernate.dialect.Dialect] (ServerService Thread Pool -- 57) HHH000400: Using dialect: org.hibernate.dialect.H2Dialect
2021-12-31 16:45:08,578 INFO  [org.hibernate.envers.boot.internal.EnversServiceImpl] (ServerService Thread Pool -- 57) Envers integration enabled? : true
2021-12-31 16:45:08,812 INFO  [org.hibernate.orm.beans] (ServerService Thread Pool -- 57) HHH10005002: No explicit CDI BeanManager reference was passed to Hibernate, but CDI is available on the Hibernate ClassLoader.
2021-12-31 16:45:09,023 INFO  [org.hibernate.validator.internal.util.Version] (ServerService Thread Pool -- 57) HV000001: Hibernate Validator 6.0.22.Final
2021-12-31 16:45:09,892 INFO  [org.hibernate.hql.internal.QueryTranslatorFactoryInitiator] (ServerService Thread Pool -- 57) HHH000397: Using ASTQueryTranslatorFactory
2021-12-31 16:45:11,087 INFO  [org.jboss.resteasy.resteasy_jaxrs.i18n] (ServerService Thread Pool -- 57) RESTEASY002225: Deploying javax.ws.rs.core.Application: class org.keycloak.services.resources.KeycloakApplication
2021-12-31 16:45:11,089 INFO  [org.jboss.resteasy.resteasy_jaxrs.i18n] (ServerService Thread Pool -- 57) RESTEASY002205: Adding provider class org.keycloak.services.filters.KeycloakSecurityHeadersFilter from Application class org.keycloak.services.resources.KeycloakApplication
2021-12-31 16:45:11,090 INFO  [org.jboss.resteasy.resteasy_jaxrs.i18n] (ServerService Thread Pool -- 57) RESTEASY002205: Adding provider class org.keycloak.services.error.KeycloakErrorHandler from Application class org.keycloak.services.resources.KeycloakApplication
2021-12-31 16:45:11,090 INFO  [org.jboss.resteasy.resteasy_jaxrs.i18n] (ServerService Thread Pool -- 57) RESTEASY002200: Adding class resource org.keycloak.services.resources.JsResource from Application class org.keycloak.services.resources.KeycloakApplication
2021-12-31 16:45:11,091 INFO  [org.jboss.resteasy.resteasy_jaxrs.i18n] (ServerService Thread Pool -- 57) RESTEASY002200: Adding class resource org.keycloak.services.resources.ThemeResource from Application class org.keycloak.services.resources.KeycloakApplication
2021-12-31 16:45:11,091 INFO  [org.jboss.resteasy.resteasy_jaxrs.i18n] (ServerService Thread Pool -- 57) RESTEASY002220: Adding singleton resource org.keycloak.services.resources.admin.AdminRoot from Application class org.keycloak.services.resources.KeycloakApplication
2021-12-31 16:45:11,091 INFO  [org.jboss.resteasy.resteasy_jaxrs.i18n] (ServerService Thread Pool -- 57) RESTEASY002220: Adding singleton resource org.keycloak.services.resources.RealmsResource from Application class org.keycloak.services.resources.KeycloakApplication
2021-12-31 16:45:11,091 INFO  [org.jboss.resteasy.resteasy_jaxrs.i18n] (ServerService Thread Pool -- 57) RESTEASY002220: Adding singleton resource org.keycloak.services.resources.WelcomeResource from Application class org.keycloak.services.resources.KeycloakApplication
2021-12-31 16:45:11,091 INFO  [org.jboss.resteasy.resteasy_jaxrs.i18n] (ServerService Thread Pool -- 57) RESTEASY002210: Adding provider singleton org.keycloak.services.util.ObjectMapperResolver from Application class org.keycloak.services.resources.KeycloakApplication
2021-12-31 16:45:11,091 INFO  [org.jboss.resteasy.resteasy_jaxrs.i18n] (ServerService Thread Pool -- 57) RESTEASY002220: Adding singleton resource org.keycloak.services.resources.RobotsResource from Application class org.keycloak.services.resources.KeycloakApplication
2021-12-31 16:45:11,377 INFO  [org.wildfly.extension.undertow] (ServerService Thread Pool -- 57) WFLYUT0021: Registered web context: '/auth' for server 'default-server'
2021-12-31 16:45:11,446 INFO  [org.jboss.as.server] (ServerService Thread Pool -- 42) WFLYSRV0010: Deployed "keycloak-server.war" (runtime-name : "keycloak-server.war")
2021-12-31 16:45:11,498 INFO  [org.jboss.as.server] (Controller Boot Thread) WFLYSRV0212: Resuming server
2021-12-31 16:45:11,501 INFO  [org.jboss.as] (Controller Boot Thread) WFLYSRV0025: Keycloak 16.1.0 (WildFly Core 18.0.0.Final) started in 26556ms - Started 573 of 851 services (576 services are lazy, passive or on-demand)
2021-12-31 16:45:11,505 INFO  [org.jboss.as] (Controller Boot Thread) WFLYSRV0060: Http management interface listening on http://127.0.0.1:9990/management
2021-12-31 16:45:11,506 INFO  [org.jboss.as] (Controller Boot Thread) WFLYSRV0051: Admin console listening on http://127.0.0.1:9990
